ParseStarterProject/build/intermediates/manifest_merge_blame_file/debug/manifest-merger-blame-debug-report.txt
1<?xml version="1.0" encoding="utf-8"?>
2<manifest xmlns:android="http://schemas.android.com/apk/res/android"
3    package="com.parse.starter"
4    android:targetSandboxVersion="1"
5    android:versionCode="1"
6    android:versionName="1.0" >
7
8    <uses-sdk
9        android:minSdkVersion="16"
9-->src\main\AndroidManifest.xml
10        android:targetSdkVersion="30" />
10-->src\main\AndroidManifest.xml
11
12    <uses-permission android:name="android.permission.INTERNET" />
12-->src\main\AndroidManifest.xml:6:5-67
12-->src\main\AndroidManifest.xml:6:22-64
13    <uses-permission android:name="android.permission.ACCESS_NETWORK_STATE" />
13-->src\main\AndroidManifest.xml:7:5-79
13-->src\main\AndroidManifest.xml:7:22-76
14    <uses-permission android:name="android.permission.READ_EXTERNAL_STORAGE" />
14-->src\main\AndroidManifest.xml:8:5-80
14-->src\main\AndroidManifest.xml:8:22-77
15    <uses-permission android:name="android.permission.ACCESS_FINE_LOCATION" />
15-->src\main\AndroidManifest.xml:9:5-79
15-->src\main\AndroidManifest.xml:9:22-76
16
17    <meta-data
17-->src\main\AndroidManifest.xml:11:5-13:55
18        android:name="com.parse.SERVER_URL"
18-->src\main\AndroidManifest.xml:12:9-44
19        android:value="http://18.118.85.120/parse/" />
19-->src\main\AndroidManifest.xml:13:9-52
20    <meta-data
20-->src\main\AndroidManifest.xml:14:5-16:35
21        android:name="com.parse.APPLICATION_ID"
21-->src\main\AndroidManifest.xml:15:9-48
22        android:value="myappID" />
22-->src\main\AndroidManifest.xml:16:9-32
23    <meta-data
23-->src\main\AndroidManifest.xml:17:5-19:40
24        android:name="com.parse.CLIENT_KEY"
24-->src\main\AndroidManifest.xml:18:9-44
25        android:value="nNTmaDTHNut0" />
25-->src\main\AndroidManifest.xml:19:9-37
26
27    <application
27-->src\main\AndroidManifest.xml:21:5-39:19
28        android:name="com.parse.starter.StarterApplication"
28-->src\main\AndroidManifest.xml:22:9-43
29        android:allowBackup="true"
29-->src\main\AndroidManifest.xml:23:9-35
30        android:appComponentFactory="androidx.core.app.CoreComponentFactory"
30-->[androidx.core:core:1.5.0] AndroidManifest.xml:24:18-86
31        android:debuggable="true"
32        android:icon="@mipmap/socialnetworks"
32-->src\main\AndroidManifest.xml:24:9-46
33        android:label="@string/app_name"
33-->src\main\AndroidManifest.xml:25:9-41
34        android:testOnly="true"
35        android:theme="@style/AppTheme"
35-->src\main\AndroidManifest.xml:26:9-40
36        android:usesCleartextTraffic="true" >
36-->src\main\AndroidManifest.xml:27:9-44
37        <activity android:name="com.parse.starter.feed" />
37-->src\main\AndroidManifest.xml:28:9-51
37-->src\main\AndroidManifest.xml:28:19-39
38        <activity android:name="com.parse.starter.secondActivity" />
38-->src\main\AndroidManifest.xml:29:9-52
38-->src\main\AndroidManifest.xml:29:19-49
39        <activity
39-->src\main\AndroidManifest.xml:30:9-38:20
40            android:name="com.parse.starter.MainActivity"
40-->src\main\AndroidManifest.xml:31:13-41
41            android:label="@string/app_name" >
41-->src\main\AndroidManifest.xml:32:13-45
42            <intent-filter>
42-->src\main\AndroidManifest.xml:33:13-37:29
43                <action android:name="android.intent.action.MAIN" />
43-->src\main\AndroidManifest.xml:34:17-69
43-->src\main\AndroidManifest.xml:34:25-66
44
45                <category android:name="android.intent.category.LAUNCHER" />
45-->src\main\AndroidManifest.xml:36:17-77
45-->src\main\AndroidManifest.xml:36:27-74
46            </intent-filter>
47        </activity>
48        <activity
48-->[com.google.android.gms:play-services-base:17.5.0] AndroidManifest.xml:23:9-26:75
49            android:name="com.google.android.gms.common.api.GoogleApiActivity"
49-->[com.google.android.gms:play-services-base:17.5.0] AndroidManifest.xml:24:13-79
50            android:exported="false"
50-->[com.google.android.gms:play-services-base:17.5.0] AndroidManifest.xml:25:13-37
51            android:theme="@android:style/Theme.Translucent.NoTitleBar" />
51-->[com.google.android.gms:play-services-base:17.5.0] AndroidManifest.xml:26:13-72
52
53        <meta-data
53-->[com.google.android.gms:play-services-basement:17.5.0] AndroidManifest.xml:23:9-25:69
54            android:name="com.google.android.gms.version"
54-->[com.google.android.gms:play-services-basement:17.5.0] AndroidManifest.xml:24:13-58
55            android:value="@integer/google_play_services_version" />
55-->[com.google.android.gms:play-services-basement:17.5.0] AndroidManifest.xml:25:13-66
56    </application>
57
58</manifest>